mode: set
github.com/apkatsikas/subcordant/cmd/main.go:7.13,10.2 2 0
github.com/apkatsikas/subcordant/discord/discord.go:27.39,29.20 2 0
github.com/apkatsikas/subcordant/discord/discord.go:29.20,31.3 1 0
github.com/apkatsikas/subcordant/discord/discord.go:33.2,36.43 4 0
github.com/apkatsikas/subcordant/discord/discord.go:36.43,39.3 2 0
github.com/apkatsikas/subcordant/discord/discord.go:41.2,41.66 1 0
github.com/apkatsikas/subcordant/discord/discord.go:41.66,43.3 1 0
github.com/apkatsikas/subcordant/discord/discord.go:45.2,48.41 3 0
github.com/apkatsikas/subcordant/discord/discord.go:48.41,50.3 1 0
github.com/apkatsikas/subcordant/discord/discord.go:52.2,52.12 1 0
github.com/apkatsikas/subcordant/discord/discord.go:60.103,64.2 1 0
github.com/apkatsikas/subcordant/discord/discord.go:66.42,75.2 5 0
github.com/apkatsikas/subcordant/playlist/playlist.go:7.48,9.2 1 1
github.com/apkatsikas/subcordant/playlist/playlist.go:11.51,13.2 1 1
github.com/apkatsikas/subcordant/runner/runner.go:15.35,19.16 4 0
github.com/apkatsikas/subcordant/runner/runner.go:19.16,21.3 1 0
github.com/apkatsikas/subcordant/runner/runner.go:22.2,25.16 3 0
github.com/apkatsikas/subcordant/runner/runner.go:25.16,27.3 1 0
github.com/apkatsikas/subcordant/subsonic/subsonic.go:16.40,21.23 4 0
github.com/apkatsikas/subcordant/subsonic/subsonic.go:21.23,23.3 1 0
github.com/apkatsikas/subcordant/subsonic/subsonic.go:24.2,24.24 1 0
github.com/apkatsikas/subcordant/subsonic/subsonic.go:24.24,26.3 1 0
github.com/apkatsikas/subcordant/subsonic/subsonic.go:27.2,27.28 1 0
github.com/apkatsikas/subcordant/subsonic/subsonic.go:27.28,29.3 1 0
github.com/apkatsikas/subcordant/subsonic/subsonic.go:31.2,40.20 8 0
github.com/apkatsikas/subcordant/subsonic/subsonic.go:40.20,42.3 1 0
github.com/apkatsikas/subcordant/subsonic/subsonic.go:43.2,43.12 1 0
github.com/apkatsikas/subcordant/subsonic/subsonic.go:46.69,48.16 2 0
github.com/apkatsikas/subcordant/subsonic/subsonic.go:48.16,50.3 1 0
github.com/apkatsikas/subcordant/subsonic/subsonic.go:52.2,53.40 2 0
github.com/apkatsikas/subcordant/subsonic/subsonic.go:53.40,55.3 1 0
github.com/apkatsikas/subcordant/subsonic/subsonic.go:56.2,56.16 1 0
